Analysis & Synthesis report for ALU
Wed Jun 15 02:55:21 2022
Quartus II 64-Bit Version 13.0.1 Build 232 06/12/2013 Service Pack 1 SJ Web Edition


---------------------
; Table of Contents ;
---------------------
  1. Legal Notice
  2. Analysis & Synthesis Summary
  3. Analysis & Synthesis Settings
  4. Parallel Compilation
  5. Analysis & Synthesis Source Files Read
  6. Analysis & Synthesis Resource Usage Summary
  7. Analysis & Synthesis Resource Utilization by Entity
  8. General Register Statistics
  9. Elapsed Time Per Partition
 10. Analysis & Synthesis Messages



----------------
; Legal Notice ;
----------------
Copyright (C) 1991-2013 Altera Corporation
Your use of Altera Corporation's design tools, logic functions 
and other software and tools, and its AMPP partner logic 
functions, and any output files from any of the foregoing 
(including device programming or simulation files), and any 
associated documentation or information are expressly subject 
to the terms and conditions of the Altera Program License 
Subscription Agreement, Altera MegaCore Function License 
Agreement, or other applicable license agreement, including, 
without limitation, that your use is for the sole purpose of 
programming logic devices manufactured by Altera and sold by 
Altera or its authorized distributors.  Please refer to the 
applicable agreement for further details.



+--------------------------------------------------------------------------------------+
; Analysis & Synthesis Summary                                                         ;
+------------------------------------+-------------------------------------------------+
; Analysis & Synthesis Status        ; Successful - Wed Jun 15 02:55:21 2022           ;
; Quartus II 64-Bit Version          ; 13.0.1 Build 232 06/12/2013 SP 1 SJ Web Edition ;
; Revision Name                      ; ALU                                             ;
; Top-level Entity Name              ; MinAbsAddSub                                    ;
; Family                             ; Cyclone II                                      ;
; Total logic elements               ; 130                                             ;
;     Total combinational functions  ; 130                                             ;
;     Dedicated logic registers      ; 0                                               ;
; Total registers                    ; 0                                               ;
; Total pins                         ; 130                                             ;
; Total virtual pins                 ; 0                                               ;
; Total memory bits                  ; 0                                               ;
; Embedded Multiplier 9-bit elements ; 0                                               ;
; Total PLLs                         ; 0                                               ;
+------------------------------------+-------------------------------------------------+


+----------------------------------------------------------------------------------------------------------------------+
; Analysis & Synthesis Settings                                                                                        ;
+----------------------------------------------------------------------------+--------------------+--------------------+
; Option                                                                     ; Setting            ; Default Value      ;
+----------------------------------------------------------------------------+--------------------+--------------------+
; Device                                                                     ; EP2C35F672C6       ;                    ;
; Top-level entity name                                                      ; MinAbsAddSub       ; ALU                ;
; Family name                                                                ; Cyclone II         ; Cyclone IV GX      ;
; Use smart compilation                                                      ; Off                ; Off                ;
; Enable parallel Assembler and TimeQuest Timing Analyzer during compilation ; On                 ; On                 ;
; Enable compact report table                                                ; Off                ; Off                ;
; Restructure Multiplexers                                                   ; Auto               ; Auto               ;
; Create Debugging Nodes for IP Cores                                        ; Off                ; Off                ;
; Preserve fewer node names                                                  ; On                 ; On                 ;
; Disable OpenCore Plus hardware evaluation                                  ; Off                ; Off                ;
; Verilog Version                                                            ; Verilog_2001       ; Verilog_2001       ;
; VHDL Version                                                               ; VHDL_1993          ; VHDL_1993          ;
; State Machine Processing                                                   ; Auto               ; Auto               ;
; Safe State Machine                                                         ; Off                ; Off                ;
; Extract Verilog State Machines                                             ; On                 ; On                 ;
; Extract VHDL State Machines                                                ; On                 ; On                 ;
; Ignore Verilog initial constructs                                          ; Off                ; Off                ;
; Iteration limit for constant Verilog loops                                 ; 5000               ; 5000               ;
; Iteration limit for non-constant Verilog loops                             ; 250                ; 250                ;
; Add Pass-Through Logic to Inferred RAMs                                    ; On                 ; On                 ;
; Infer RAMs from Raw Logic                                                  ; On                 ; On                 ;
; Parallel Synthesis                                                         ; On                 ; On                 ;
; DSP Block Balancing                                                        ; Auto               ; Auto               ;
; NOT Gate Push-Back                                                         ; On                 ; On                 ;
; Power-Up Don't Care                                                        ; On                 ; On                 ;
; Remove Redundant Logic Cells                                               ; Off                ; Off                ;
; Remove Duplicate Registers                                                 ; On                 ; On                 ;
; Ignore CARRY Buffers                                                       ; Off                ; Off                ;
; Ignore CASCADE Buffers                                                     ; Off                ; Off                ;
; Ignore GLOBAL Buffers                                                      ; Off                ; Off                ;
; Ignore ROW GLOBAL Buffers                                                  ; Off                ; Off                ;
; Ignore LCELL Buffers                                                       ; Off                ; Off                ;
; Ignore SOFT Buffers                                                        ; On                 ; On                 ;
; Limit AHDL Integers to 32 Bits                                             ; Off                ; Off                ;
; Optimization Technique                                                     ; Balanced           ; Balanced           ;
; Carry Chain Length                                                         ; 70                 ; 70                 ;
; Auto Carry Chains                                                          ; On                 ; On                 ;
; Auto Open-Drain Pins                                                       ; On                 ; On                 ;
; Perform WYSIWYG Primitive Resynthesis                                      ; Off                ; Off                ;
; Auto ROM Replacement                                                       ; On                 ; On                 ;
; Auto RAM Replacement                                                       ; On                 ; On                 ;
; Auto Shift Register Replacement                                            ; Auto               ; Auto               ;
; Allow Shift Register Merging across Hierarchies                            ; Auto               ; Auto               ;
; Auto Clock Enable Replacement                                              ; On                 ; On                 ;
; Strict RAM Replacement                                                     ; Off                ; Off                ;
; Allow Synchronous Control Signals                                          ; On                 ; On                 ;
; Force Use of Synchronous Clear Signals                                     ; Off                ; Off                ;
; Auto RAM to Logic Cell Conversion                                          ; Off                ; Off                ;
; Auto Resource Sharing                                                      ; Off                ; Off                ;
; Allow Any RAM Size For Recognition                                         ; Off                ; Off                ;
; Allow Any ROM Size For Recognition                                         ; Off                ; Off                ;
; Allow Any Shift Register Size For Recognition                              ; Off                ; Off                ;
; Use LogicLock Constraints during Resource Balancing                        ; On                 ; On                 ;
; Ignore translate_off and synthesis_off directives                          ; Off                ; Off                ;
; Timing-Driven Synthesis                                                    ; Off                ; Off                ;
; Report Parameter Settings                                                  ; On                 ; On                 ;
; Report Source Assignments                                                  ; On                 ; On                 ;
; Report Connectivity Checks                                                 ; On                 ; On                 ;
; Ignore Maximum Fan-Out Assignments                                         ; Off                ; Off                ;
; Synchronization Register Chain Length                                      ; 2                  ; 2                  ;
; PowerPlay Power Optimization                                               ; Normal compilation ; Normal compilation ;
; HDL message level                                                          ; Level2             ; Level2             ;
; Suppress Register Optimization Related Messages                            ; Off                ; Off                ;
; Number of Removed Registers Reported in Synthesis Report                   ; 5000               ; 5000               ;
; Number of Swept Nodes Reported in Synthesis Report                         ; 5000               ; 5000               ;
; Number of Inverted Registers Reported in Synthesis Report                  ; 100                ; 100                ;
; Clock MUX Protection                                                       ; On                 ; On                 ;
; Auto Gated Clock Conversion                                                ; Off                ; Off                ;
; Block Design Naming                                                        ; Auto               ; Auto               ;
; SDC constraint protection                                                  ; Off                ; Off                ;
; Synthesis Effort                                                           ; Auto               ; Auto               ;
; Shift Register Replacement - Allow Asynchronous Clear Signal               ; On                 ; On                 ;
; Pre-Mapping Resynthesis Optimization                                       ; Off                ; Off                ;
; Analysis & Synthesis Message Level                                         ; Medium             ; Medium             ;
; Disable Register Merging Across Hierarchies                                ; Auto               ; Auto               ;
; Resource Aware Inference For Block RAM                                     ; On                 ; On                 ;
; Synthesis Seed                                                             ; 1                  ; 1                  ;
+----------------------------------------------------------------------------+--------------------+--------------------+


Parallel compilation was disabled, but you have multiple processors available. Enable parallel compilation to reduce compilation time.
+-------------------------------------+
; Parallel Compilation                ;
+----------------------------+--------+
; Processors                 ; Number ;
+----------------------------+--------+
; Number detected on machine ; 8      ;
; Maximum allowed            ; 1      ;
+----------------------------+--------+


+-------------------------------------------------------------------------------------------------------------------------------------------------------------------------------+
; Analysis & Synthesis Source Files Read                                                                                                                                        ;
+----------------------------------+-----------------+------------------------------------------+---------------------------------------------------------------------+---------+
; File Name with User-Entered Path ; Used in Netlist ; File Type                                ; File Name with Absolute Path                                        ; Library ;
+----------------------------------+-----------------+------------------------------------------+---------------------------------------------------------------------+---------+
; FAdder1Bit.bdf                   ; yes             ; User Block Diagram/Schematic File        ; D:/CE118. Thiet Ke Luan Ly So/designLogic/lib/AU/FAdder1Bit.bdf     ;         ;
; Adder4Bit.bdf                    ; yes             ; User Block Diagram/Schematic File        ; D:/CE118. Thiet Ke Luan Ly So/designLogic/lib/AU/Adder4Bit.bdf      ;         ;
; Adder8Bit.bdf                    ; yes             ; User Block Diagram/Schematic File        ; D:/CE118. Thiet Ke Luan Ly So/designLogic/lib/AU/Adder8Bit.bdf      ;         ;
; Add16bitCaryin.bdf               ; yes             ; User Block Diagram/Schematic File        ; D:/CE118. Thiet Ke Luan Ly So/designLogic/lib/AU/Add16bitCaryin.bdf ;         ;
; MinAbsAddSub.bdf                 ; yes             ; User Block Diagram/Schematic File        ; D:/CE118. Thiet Ke Luan Ly So/designLogic/lib/AU/MinAbsAddSub.bdf   ;         ;
; mux16bit.bdf                     ; yes             ; Auto-Found Block Diagram/Schematic File  ; d:/ce118. thiet ke luan ly so/designlogic/lib/mux/mux16bit.bdf      ;         ;
; mux8bit.bdf                      ; yes             ; Auto-Found Block Diagram/Schematic File  ; d:/ce118. thiet ke luan ly so/designlogic/lib/mux/mux8bit.bdf       ;         ;
; mux_4.bdf                        ; yes             ; Auto-Found Block Diagram/Schematic File  ; d:/ce118. thiet ke luan ly so/designlogic/lib/mux/mux_4.bdf         ;         ;
+----------------------------------+-----------------+------------------------------------------+---------------------------------------------------------------------+---------+


+-----------------------------------------------------+
; Analysis & Synthesis Resource Usage Summary         ;
+---------------------------------------------+-------+
; Resource                                    ; Usage ;
+---------------------------------------------+-------+
; Estimated Total logic elements              ; 130   ;
;                                             ;       ;
; Total combinational functions               ; 130   ;
; Logic element usage by number of LUT inputs ;       ;
;     -- 4 input functions                    ; 82    ;
;     -- 3 input functions                    ; 32    ;
;     -- <=2 input functions                  ; 16    ;
;                                             ;       ;
; Logic elements by mode                      ;       ;
;     -- normal mode                          ; 130   ;
;     -- arithmetic mode                      ; 0     ;
;                                             ;       ;
; Total registers                             ; 0     ;
;     -- Dedicated logic registers            ; 0     ;
;     -- I/O registers                        ; 0     ;
;                                             ;       ;
; I/O pins                                    ; 130   ;
; Embedded Multiplier 9-bit elements          ; 0     ;
; Maximum fan-out node                        ; C[0]  ;
; Maximum fan-out                             ; 83    ;
; Total fan-out                               ; 536   ;
; Average fan-out                             ; 2.06  ;
+---------------------------------------------+-------+


+---------------------------------------------------------------------------------------------------------------------------------------------------------------------------------------------------------------------------------------------------------------------------------+
; Analysis & Synthesis Resource Utilization by Entity                                                                                                                                                                                                                             ;
+-------------------------------------------+-------------------+--------------+-------------+--------------+---------+-----------+------+--------------+----------------------------------------------------------------------------------------------------------+--------------+
; Compilation Hierarchy Node                ; LC Combinationals ; LC Registers ; Memory Bits ; DSP Elements ; DSP 9x9 ; DSP 18x18 ; Pins ; Virtual Pins ; Full Hierarchy Name                                                                                      ; Library Name ;
+-------------------------------------------+-------------------+--------------+-------------+--------------+---------+-----------+------+--------------+----------------------------------------------------------------------------------------------------------+--------------+
; |MinAbsAddSub                             ; 130 (48)          ; 0 (0)        ; 0           ; 0            ; 0       ; 0         ; 130  ; 0            ; |MinAbsAddSub                                                                                            ; work         ;
;    |Add16bitCaryin:inst|                  ; 32 (0)            ; 0 (0)        ; 0           ; 0            ; 0       ; 0         ; 0    ; 0            ; |MinAbsAddSub|Add16bitCaryin:inst                                                                        ; work         ;
;       |Adder8Bit:instAdder8Bit00|         ; 18 (0)            ; 0 (0)        ; 0           ; 0            ; 0       ; 0         ; 0    ; 0            ; |MinAbsAddSub|Add16bitCaryin:inst|Adder8Bit:instAdder8Bit00                                              ; work         ;
;          |Adder4Bit:inst00|               ; 8 (0)             ; 0 (0)        ; 0           ; 0            ; 0       ; 0         ; 0    ; 0            ; |MinAbsAddSub|Add16bitCaryin:inst|Adder8Bit:instAdder8Bit00|Adder4Bit:inst00                             ; work         ;
;             |FAdder1Bit:instFAdder1Bit00| ; 2 (2)             ; 0 (0)        ; 0           ; 0            ; 0       ; 0         ; 0    ; 0            ; |MinAbsAddSub|Add16bitCaryin:inst|Adder8Bit:instAdder8Bit00|Adder4Bit:inst00|FAdder1Bit:instFAdder1Bit00 ; work         ;
;             |FAdder1Bit:instFAdder1Bit0|  ; 2 (2)             ; 0 (0)        ; 0           ; 0            ; 0       ; 0         ; 0    ; 0            ; |MinAbsAddSub|Add16bitCaryin:inst|Adder8Bit:instAdder8Bit00|Adder4Bit:inst00|FAdder1Bit:instFAdder1Bit0  ; work         ;
;             |FAdder1Bit:instFAdder1Bit1|  ; 2 (2)             ; 0 (0)        ; 0           ; 0            ; 0       ; 0         ; 0    ; 0            ; |MinAbsAddSub|Add16bitCaryin:inst|Adder8Bit:instAdder8Bit00|Adder4Bit:inst00|FAdder1Bit:instFAdder1Bit1  ; work         ;
;             |FAdder1Bit:instFAdder1Bit2|  ; 2 (2)             ; 0 (0)        ; 0           ; 0            ; 0       ; 0         ; 0    ; 0            ; |MinAbsAddSub|Add16bitCaryin:inst|Adder8Bit:instAdder8Bit00|Adder4Bit:inst00|FAdder1Bit:instFAdder1Bit2  ; work         ;
;          |Adder4Bit:inst0|                ; 10 (0)            ; 0 (0)        ; 0           ; 0            ; 0       ; 0         ; 0    ; 0            ; |MinAbsAddSub|Add16bitCaryin:inst|Adder8Bit:instAdder8Bit00|Adder4Bit:inst0                              ; work         ;
;             |FAdder1Bit:instFAdder1Bit00| ; 2 (2)             ; 0 (0)        ; 0           ; 0            ; 0       ; 0         ; 0    ; 0            ; |MinAbsAddSub|Add16bitCaryin:inst|Adder8Bit:instAdder8Bit00|Adder4Bit:inst0|FAdder1Bit:instFAdder1Bit00  ; work         ;
;             |FAdder1Bit:instFAdder1Bit0|  ; 4 (4)             ; 0 (0)        ; 0           ; 0            ; 0       ; 0         ; 0    ; 0            ; |MinAbsAddSub|Add16bitCaryin:inst|Adder8Bit:instAdder8Bit00|Adder4Bit:inst0|FAdder1Bit:instFAdder1Bit0   ; work         ;
;             |FAdder1Bit:instFAdder1Bit1|  ; 2 (2)             ; 0 (0)        ; 0           ; 0            ; 0       ; 0         ; 0    ; 0            ; |MinAbsAddSub|Add16bitCaryin:inst|Adder8Bit:instAdder8Bit00|Adder4Bit:inst0|FAdder1Bit:instFAdder1Bit1   ; work         ;
;             |FAdder1Bit:instFAdder1Bit2|  ; 2 (2)             ; 0 (0)        ; 0           ; 0            ; 0       ; 0         ; 0    ; 0            ; |MinAbsAddSub|Add16bitCaryin:inst|Adder8Bit:instAdder8Bit00|Adder4Bit:inst0|FAdder1Bit:instFAdder1Bit2   ; work         ;
;       |Adder8Bit:instAdder8Bit0|          ; 14 (0)            ; 0 (0)        ; 0           ; 0            ; 0       ; 0         ; 0    ; 0            ; |MinAbsAddSub|Add16bitCaryin:inst|Adder8Bit:instAdder8Bit0                                               ; work         ;
;          |Adder4Bit:inst00|               ; 8 (0)             ; 0 (0)        ; 0           ; 0            ; 0       ; 0         ; 0    ; 0            ; |MinAbsAddSub|Add16bitCaryin:inst|Adder8Bit:instAdder8Bit0|Adder4Bit:inst00                              ; work         ;
;             |FAdder1Bit:instFAdder1Bit00| ; 2 (2)             ; 0 (0)        ; 0           ; 0            ; 0       ; 0         ; 0    ; 0            ; |MinAbsAddSub|Add16bitCaryin:inst|Adder8Bit:instAdder8Bit0|Adder4Bit:inst00|FAdder1Bit:instFAdder1Bit00  ; work         ;
;             |FAdder1Bit:instFAdder1Bit0|  ; 2 (2)             ; 0 (0)        ; 0           ; 0            ; 0       ; 0         ; 0    ; 0            ; |MinAbsAddSub|Add16bitCaryin:inst|Adder8Bit:instAdder8Bit0|Adder4Bit:inst00|FAdder1Bit:instFAdder1Bit0   ; work         ;
;             |FAdder1Bit:instFAdder1Bit1|  ; 2 (2)             ; 0 (0)        ; 0           ; 0            ; 0       ; 0         ; 0    ; 0            ; |MinAbsAddSub|Add16bitCaryin:inst|Adder8Bit:instAdder8Bit0|Adder4Bit:inst00|FAdder1Bit:instFAdder1Bit1   ; work         ;
;             |FAdder1Bit:instFAdder1Bit2|  ; 2 (2)             ; 0 (0)        ; 0           ; 0            ; 0       ; 0         ; 0    ; 0            ; |MinAbsAddSub|Add16bitCaryin:inst|Adder8Bit:instAdder8Bit0|Adder4Bit:inst00|FAdder1Bit:instFAdder1Bit2   ; work         ;
;          |Adder4Bit:inst0|                ; 6 (0)             ; 0 (0)        ; 0           ; 0            ; 0       ; 0         ; 0    ; 0            ; |MinAbsAddSub|Add16bitCaryin:inst|Adder8Bit:instAdder8Bit0|Adder4Bit:inst0                               ; work         ;
;             |FAdder1Bit:instFAdder1Bit00| ; 2 (2)             ; 0 (0)        ; 0           ; 0            ; 0       ; 0         ; 0    ; 0            ; |MinAbsAddSub|Add16bitCaryin:inst|Adder8Bit:instAdder8Bit0|Adder4Bit:inst0|FAdder1Bit:instFAdder1Bit00   ; work         ;
;             |FAdder1Bit:instFAdder1Bit0|  ; 2 (2)             ; 0 (0)        ; 0           ; 0            ; 0       ; 0         ; 0    ; 0            ; |MinAbsAddSub|Add16bitCaryin:inst|Adder8Bit:instAdder8Bit0|Adder4Bit:inst0|FAdder1Bit:instFAdder1Bit0    ; work         ;
;             |FAdder1Bit:instFAdder1Bit1|  ; 2 (2)             ; 0 (0)        ; 0           ; 0            ; 0       ; 0         ; 0    ; 0            ; |MinAbsAddSub|Add16bitCaryin:inst|Adder8Bit:instAdder8Bit0|Adder4Bit:inst0|FAdder1Bit:instFAdder1Bit1    ; work         ;
;    |Mux16Bit:inst2|                       ; 18 (0)            ; 0 (0)        ; 0           ; 0            ; 0       ; 0         ; 0    ; 0            ; |MinAbsAddSub|Mux16Bit:inst2                                                                             ; work         ;
;       |Mux8Bit:instMux8Bit00|             ; 10 (0)            ; 0 (0)        ; 0           ; 0            ; 0       ; 0         ; 0    ; 0            ; |MinAbsAddSub|Mux16Bit:inst2|Mux8Bit:instMux8Bit00                                                       ; work         ;
;          |Mux_4:instMux400|               ; 6 (6)             ; 0 (0)        ; 0           ; 0            ; 0       ; 0         ; 0    ; 0            ; |MinAbsAddSub|Mux16Bit:inst2|Mux8Bit:instMux8Bit00|Mux_4:instMux400                                      ; work         ;
;          |Mux_4:instMux401|               ; 4 (4)             ; 0 (0)        ; 0           ; 0            ; 0       ; 0         ; 0    ; 0            ; |MinAbsAddSub|Mux16Bit:inst2|Mux8Bit:instMux8Bit00|Mux_4:instMux401                                      ; work         ;
;       |Mux8Bit:instMux8Bit0|              ; 8 (0)             ; 0 (0)        ; 0           ; 0            ; 0       ; 0         ; 0    ; 0            ; |MinAbsAddSub|Mux16Bit:inst2|Mux8Bit:instMux8Bit0                                                        ; work         ;
;          |Mux_4:instMux400|               ; 4 (4)             ; 0 (0)        ; 0           ; 0            ; 0       ; 0         ; 0    ; 0            ; |MinAbsAddSub|Mux16Bit:inst2|Mux8Bit:instMux8Bit0|Mux_4:instMux400                                       ; work         ;
;          |Mux_4:instMux401|               ; 4 (4)             ; 0 (0)        ; 0           ; 0            ; 0       ; 0         ; 0    ; 0            ; |MinAbsAddSub|Mux16Bit:inst2|Mux8Bit:instMux8Bit0|Mux_4:instMux401                                       ; work         ;
;    |Mux16Bit:inst3|                       ; 16 (0)            ; 0 (0)        ; 0           ; 0            ; 0       ; 0         ; 0    ; 0            ; |MinAbsAddSub|Mux16Bit:inst3                                                                             ; work         ;
;       |Mux8Bit:instMux8Bit00|             ; 8 (0)             ; 0 (0)        ; 0           ; 0            ; 0       ; 0         ; 0    ; 0            ; |MinAbsAddSub|Mux16Bit:inst3|Mux8Bit:instMux8Bit00                                                       ; work         ;
;          |Mux_4:instMux400|               ; 4 (4)             ; 0 (0)        ; 0           ; 0            ; 0       ; 0         ; 0    ; 0            ; |MinAbsAddSub|Mux16Bit:inst3|Mux8Bit:instMux8Bit00|Mux_4:instMux400                                      ; work         ;
;          |Mux_4:instMux401|               ; 4 (4)             ; 0 (0)        ; 0           ; 0            ; 0       ; 0         ; 0    ; 0            ; |MinAbsAddSub|Mux16Bit:inst3|Mux8Bit:instMux8Bit00|Mux_4:instMux401                                      ; work         ;
;       |Mux8Bit:instMux8Bit0|              ; 8 (0)             ; 0 (0)        ; 0           ; 0            ; 0       ; 0         ; 0    ; 0            ; |MinAbsAddSub|Mux16Bit:inst3|Mux8Bit:instMux8Bit0                                                        ; work         ;
;          |Mux_4:instMux400|               ; 4 (4)             ; 0 (0)        ; 0           ; 0            ; 0       ; 0         ; 0    ; 0            ; |MinAbsAddSub|Mux16Bit:inst3|Mux8Bit:instMux8Bit0|Mux_4:instMux400                                       ; work         ;
;          |Mux_4:instMux401|               ; 4 (4)             ; 0 (0)        ; 0           ; 0            ; 0       ; 0         ; 0    ; 0            ; |MinAbsAddSub|Mux16Bit:inst3|Mux8Bit:instMux8Bit0|Mux_4:instMux401                                       ; work         ;
;    |Mux16Bit:inst4|                       ; 16 (0)            ; 0 (0)        ; 0           ; 0            ; 0       ; 0         ; 0    ; 0            ; |MinAbsAddSub|Mux16Bit:inst4                                                                             ; work         ;
;       |Mux8Bit:instMux8Bit00|             ; 8 (0)             ; 0 (0)        ; 0           ; 0            ; 0       ; 0         ; 0    ; 0            ; |MinAbsAddSub|Mux16Bit:inst4|Mux8Bit:instMux8Bit00                                                       ; work         ;
;          |Mux_4:instMux400|               ; 4 (4)             ; 0 (0)        ; 0           ; 0            ; 0       ; 0         ; 0    ; 0            ; |MinAbsAddSub|Mux16Bit:inst4|Mux8Bit:instMux8Bit00|Mux_4:instMux400                                      ; work         ;
;          |Mux_4:instMux401|               ; 4 (4)             ; 0 (0)        ; 0           ; 0            ; 0       ; 0         ; 0    ; 0            ; |MinAbsAddSub|Mux16Bit:inst4|Mux8Bit:instMux8Bit00|Mux_4:instMux401                                      ; work         ;
;       |Mux8Bit:instMux8Bit0|              ; 8 (0)             ; 0 (0)        ; 0           ; 0            ; 0       ; 0         ; 0    ; 0            ; |MinAbsAddSub|Mux16Bit:inst4|Mux8Bit:instMux8Bit0                                                        ; work         ;
;          |Mux_4:instMux400|               ; 4 (4)             ; 0 (0)        ; 0           ; 0            ; 0       ; 0         ; 0    ; 0            ; |MinAbsAddSub|Mux16Bit:inst4|Mux8Bit:instMux8Bit0|Mux_4:instMux400                                       ; work         ;
;          |Mux_4:instMux401|               ; 4 (4)             ; 0 (0)        ; 0           ; 0            ; 0       ; 0         ; 0    ; 0            ; |MinAbsAddSub|Mux16Bit:inst4|Mux8Bit:instMux8Bit0|Mux_4:instMux401                                       ; work         ;
+-------------------------------------------+-------------------+--------------+-------------+--------------+---------+-----------+------+--------------+----------------------------------------------------------------------------------------------------------+--------------+
Note: For table entries with two numbers listed, the numbers in parentheses indicate the number of resources of the given type used by the specific entity alone. The numbers listed outside of parentheses indicate the total resources of the given type used by the specific entity and all of its sub-entities in the hierarchy.


+------------------------------------------------------+
; General Register Statistics                          ;
+----------------------------------------------+-------+
; Statistic                                    ; Value ;
+----------------------------------------------+-------+
; Total registers                              ; 0     ;
; Number of registers using Synchronous Clear  ; 0     ;
; Number of registers using Synchronous Load   ; 0     ;
; Number of registers using Asynchronous Clear ; 0     ;
; Number of registers using Asynchronous Load  ; 0     ;
; Number of registers using Clock Enable       ; 0     ;
; Number of registers using Preset             ; 0     ;
+----------------------------------------------+-------+


+-------------------------------+
; Elapsed Time Per Partition    ;
+----------------+--------------+
; Partition Name ; Elapsed Time ;
+----------------+--------------+
; Top            ; 00:00:00     ;
+----------------+--------------+


+-------------------------------+
; Analysis & Synthesis Messages ;
+-------------------------------+
Info: *******************************************************************
Info: Running Quartus II 64-Bit Analysis & Synthesis
    Info: Version 13.0.1 Build 232 06/12/2013 Service Pack 1 SJ Web Edition
    Info: Processing started: Wed Jun 15 02:55:20 2022
Info: Command: quartus_map --read_settings_files=on --write_settings_files=off ALU -c ALU
Warning (20028): Parallel compilation is not licensed and has been disabled
Info (12021): Found 1 design units, including 1 entities, in source file fadder1bit.bdf
    Info (12023): Found entity 1: FAdder1Bit
Info (12021): Found 1 design units, including 1 entities, in source file adder4bit.bdf
    Info (12023): Found entity 1: Adder4Bit
Info (12021): Found 1 design units, including 1 entities, in source file adder8bit.bdf
    Info (12023): Found entity 1: Adder8Bit
Info (12021): Found 1 design units, including 1 entities, in source file adder16bit.bdf
    Info (12023): Found entity 1: Adder16Bit
Info (12021): Found 1 design units, including 1 entities, in source file inc16bit.bdf
    Info (12023): Found entity 1: INC16Bit
Info (12021): Found 1 design units, including 1 entities, in source file sub1bit.bdf
    Info (12023): Found entity 1: Sub1BIT
Info (12021): Found 1 design units, including 1 entities, in source file sub4bit.bdf
    Info (12023): Found entity 1: Sub4BIT
Info (12021): Found 1 design units, including 1 entities, in source file sub8bit.bdf
    Info (12023): Found entity 1: Sub8BIT
Info (12021): Found 1 design units, including 1 entities, in source file sub16bit.bdf
    Info (12023): Found entity 1: Sub16BIT
Info (12021): Found 1 design units, including 1 entities, in source file dec16bit.bdf
    Info (12023): Found entity 1: DEC16BIT
Info (12021): Found 1 design units, including 1 entities, in source file au.bdf
    Info (12023): Found entity 1: AU
Info (12021): Found 1 design units, including 1 entities, in source file addsub16bit.bdf
    Info (12023): Found entity 1: AddSub16bit
Info (12021): Found 1 design units, including 1 entities, in source file addsubupdate.bdf
    Info (12023): Found entity 1: AddSubUpdate
Info (12021): Found 1 design units, including 1 entities, in source file add16bitcaryin.bdf
    Info (12023): Found entity 1: Add16bitCaryin
Info (12021): Found 1 design units, including 1 entities, in source file max.bdf
    Info (12023): Found entity 1: Max
Info (12021): Found 1 design units, including 1 entities, in source file sub16bitbrow.bdf
    Info (12023): Found entity 1: Sub16bitBrow
Info (12021): Found 1 design units, including 1 entities, in source file min.bdf
    Info (12023): Found entity 1: Min
Info (12021): Found 1 design units, including 1 entities, in source file abs.bdf
    Info (12023): Found entity 1: Abs
Info (12021): Found 1 design units, including 1 entities, in source file absmax.bdf
    Info (12023): Found entity 1: AbsMax
Info (12021): Found 1 design units, including 1 entities, in source file minabsaddsub.bdf
    Info (12023): Found entity 1: MinAbsAddSub
Info (12127): Elaborating entity "MinAbsAddSub" for the top level hierarchy
Warning (12125): Using design file /ce118. thiet ke luan ly so/designlogic/lib/mux/mux16bit.bdf, which is not specified as a design file for the current project, but contains definitions for 1 design units and 1 entities in project
    Info (12023): Found entity 1: Mux16Bit
Info (12128): Elaborating entity "Mux16Bit" for hierarchy "Mux16Bit:inst4"
Warning (12125): Using design file /ce118. thiet ke luan ly so/designlogic/lib/mux/mux8bit.bdf, which is not specified as a design file for the current project, but contains definitions for 1 design units and 1 entities in project
    Info (12023): Found entity 1: Mux8Bit
Info (12128): Elaborating entity "Mux8Bit" for hierarchy "Mux16Bit:inst4|Mux8Bit:instMux8Bit0"
Warning (12125): Using design file /ce118. thiet ke luan ly so/designlogic/lib/mux/mux_4.bdf, which is not specified as a design file for the current project, but contains definitions for 1 design units and 1 entities in project
    Info (12023): Found entity 1: Mux_4
Info (12128): Elaborating entity "Mux_4" for hierarchy "Mux16Bit:inst4|Mux8Bit:instMux8Bit0|Mux_4:instMux401"
Info (12128): Elaborating entity "Add16bitCaryin" for hierarchy "Add16bitCaryin:inst"
Info (12128): Elaborating entity "Adder8Bit" for hierarchy "Add16bitCaryin:inst|Adder8Bit:instAdder8Bit00"
Info (12128): Elaborating entity "Adder4Bit" for hierarchy "Add16bitCaryin:inst|Adder8Bit:instAdder8Bit00|Adder4Bit:inst0"
Info (12128): Elaborating entity "FAdder1Bit" for hierarchy "Add16bitCaryin:inst|Adder8Bit:instAdder8Bit00|Adder4Bit:inst0|FAdder1Bit:instFAdder1Bit2"
Info (16010): Generating hard_block partition "hard_block:auto_generated_inst"
    Info (16011): Adding 0 node(s), including 0 DDIO, 0 PLL, 0 transceiver and 0 LCELL
Info (21057): Implemented 260 device resources after synthesis - the final resource count might be different
    Info (21058): Implemented 50 input pins
    Info (21059): Implemented 80 output pins
    Info (21061): Implemented 130 logic cells
Info: Quartus II 64-Bit Analysis & Synthesis was successful. 0 errors, 4 warnings
    Info: Peak virtual memory: 4592 megabytes
    Info: Processing ended: Wed Jun 15 02:55:21 2022
    Info: Elapsed time: 00:00:01
    Info: Total CPU time (on all processors): 00:00:02


